[debug] [2021-05-03T11:36:45.134Z] ----------------------------------------------------------------------
[debug] [2021-05-03T11:36:45.137Z] Command:       /home/florent/Applications/node-v10.15.1-linux-x64/bin/node /home/florent/VisualStudioCode/niortweb-blog/functions/node_modules/.bin/firebase deploy --only functions
[debug] [2021-05-03T11:36:45.137Z] CLI Version:   9.1.0
[debug] [2021-05-03T11:36:45.137Z] Platform:      linux
[debug] [2021-05-03T11:36:45.137Z] Node Version:  v10.15.1
[debug] [2021-05-03T11:36:45.138Z] Time:          Mon May 03 2021 13:36:45 GMT+0200 (GMT+02:00)
[debug] [2021-05-03T11:36:45.138Z] ----------------------------------------------------------------------
[debug] [2021-05-03T11:36:45.138Z] 
[debug] [2021-05-03T11:36:45.148Z] > command requires scopes: ["email","openid","https://www.googleapis.com/auth/cloudplatformprojects.readonly","https://www.googleapis.com/auth/firebase","https://www.googleapis.com/auth/cloud-platform"]
[debug] [2021-05-03T11:36:45.148Z] > authorizing via signed-in user
[debug] [2021-05-03T11:36:45.148Z] [iam] checking project niortweb for permissions ["cloudfunctions.functions.create","cloudfunctions.functions.delete","cloudfunctions.functions.get","cloudfunctions.functions.list","cloudfunctions.functions.update","cloudfunctions.operations.get","firebase.projects.get"]
[debug] [2021-05-03T11:36:45.152Z] > refreshing access token with scopes: ["email","https://www.googleapis.com/auth/cloud-platform","https://www.googleapis.com/auth/cloudplatformprojects.readonly","https://www.googleapis.com/auth/firebase","openid"]
[debug] [2021-05-03T11:36:45.152Z] >>> HTTP REQUEST POST https://www.googleapis.com/oauth2/v3/token  
 <request body omitted>
[debug] [2021-05-03T11:36:45.325Z] <<< HTTP RESPONSE 200 {"date":"Mon, 03 May 2021 11:36:45 GMT","pragma":"no-cache","cache-control":"no-cache, no-store, max-age=0, must-revalidate","expires":"Mon, 01 Jan 1990 00:00:00 GMT","content-type":"application/json; charset=utf-8","vary":"X-Origin, Referer, Origin,Accept-Encoding","server":"scaffolding on HTTPServer2","x-xss-protection":"0","x-frame-options":"SAMEORIGIN","x-content-type-options":"nosniff","alt-svc":"h3-29=\":443\"; ma=2592000,h3-T051=\":443\"; ma=2592000,h3-Q050=\":443\"; ma=2592000,h3-Q046=\":443\"; ma=2592000,h3-Q043=\":443\"; ma=2592000,quic=\":443\"; ma=2592000; v=\"46,43\"","accept-ranges":"none","transfer-encoding":"chunked"}
[debug] [2021-05-03T11:36:45.334Z] >>> HTTP REQUEST POST https://cloudresourcemanager.googleapis.com/v1/projects/niortweb:testIamPermissions  
 {"permissions":["cloudfunctions.functions.create","cloudfunctions.functions.delete","cloudfunctions.functions.get","cloudfunctions.functions.list","cloudfunctions.functions.update","cloudfunctions.operations.get","firebase.projects.get"]}
[debug] [2021-05-03T11:36:46.298Z] <<< HTTP RESPONSE 200 {"content-type":"application/json; charset=UTF-8","vary":"X-Origin, Referer, Origin,Accept-Encoding","date":"Mon, 03 May 2021 11:36:45 GMT","server":"ESF","cache-control":"private","x-xss-protection":"0","x-frame-options":"SAMEORIGIN","x-content-type-options":"nosniff","server-timing":"gfet4t7; dur=547","alt-svc":"h3-29=\":443\"; ma=2592000,h3-T051=\":443\"; ma=2592000,h3-Q050=\":443\"; ma=2592000,h3-Q046=\":443\"; ma=2592000,h3-Q043=\":443\"; ma=2592000,quic=\":443\"; ma=2592000; v=\"46,43\"","accept-ranges":"none","transfer-encoding":"chunked"}
[debug] [2021-05-03T11:36:46.300Z] >>> HTTP REQUEST POST https://iam.googleapis.com/v1/projects/niortweb/serviceAccounts/niortweb@appspot.gserviceaccount.com:testIamPermissions  
 {"permissions":["iam.serviceAccounts.actAs"]}
[debug] [2021-05-03T11:36:47.003Z] <<< HTTP RESPONSE 200 {"content-type":"application/json; charset=UTF-8","vary":"X-Origin, Referer, Origin,Accept-Encoding","date":"Mon, 03 May 2021 11:36:46 GMT","server":"ESF","cache-control":"private","x-xss-protection":"0","x-frame-options":"SAMEORIGIN","x-content-type-options":"nosniff","alt-svc":"h3-29=\":443\"; ma=2592000,h3-T051=\":443\"; ma=2592000,h3-Q050=\":443\"; ma=2592000,h3-Q046=\":443\"; ma=2592000,h3-Q043=\":443\"; ma=2592000,quic=\":443\"; ma=2592000; v=\"46,43\"","accept-ranges":"none","transfer-encoding":"chunked"}
[warn] ⚠  functions: package.json indicates an outdated version of firebase-functions.
Please upgrade using npm install --save firebase-functions@latest in your functions directory. 
[info] 
[info] === Deploying to 'niortweb'...
[info] 
[info] i  deploying functions 
[info] Running command: npm --prefix "$RESOURCE_DIR" run build
[info] ✔  functions: Finished running predeploy script. 
[debug] [2021-05-03T11:36:57.092Z] > [functions] package.json contents: {
  "name": "functions",
  "scripts": {
    "build": "tsc",
    "serve": "npm run build && firebase emulators:start --only functions",
    "shell": "npm run build && firebase functions:shell",
    "start": "export STUB_AUTH_MAIL=ff.fremont.florent@gmail.com && export GOOGLE_APPLICATION_CREDENTIALS=/home/florent/Documents/espace_travail/niortWeb/FIREBASE/niortweb-firebase-adminsdk-tvcyd-4261b23ac4.json && npm run build && npx firebase emulators:start --only functions",
    "deploy": "npm run build && npx firebase deploy --only functions",
    "logs": "firebase functions:log"
  },
  "engines": {
    "node": "12"
  },
  "main": "lib/index.js",
  "dependencies": {
    "@google-cloud/dialogflow": "^3.5.0",
    "@types/axios": "^0.14.0",
    "@types/cors": "^2.8.8",
    "@types/express": "^4.17.9",
    "@types/extend": "^3.0.1",
    "@types/node": "^15.0.1",
    "axios": "^0.21.0",
    "cors": "^2.8.5",
    "extend": "^3.0.2",
    "firebase-admin": "^9.4.2",
    "firebase-functions": "^3.13.0",
    "got": "^11.8.0",
    "moment": "^2.29.1",
    "moment-timezone": "^0.5.32",
    "uuid-random": "^1.3.2"
  },
  "devDependencies": {
    "firebase-functions-test": "^0.1.6",
    "firebase-tools": "^9.1.0",
    "typescript": "^3.9.6"
  },
  "private": true
}
[info] i  functions: ensuring required API cloudfunctions.googleapis.com is enabled... 
[info] i  functions: ensuring required API cloudbuild.googleapis.com is enabled... 
[debug] [2021-05-03T11:36:58.078Z] >>> HTTP REQUEST GET https://serviceusage.googleapis.com/v1/projects/niortweb/services/cloudfunctions.googleapis.com  
 
[debug] [2021-05-03T11:36:58.078Z] >>> HTTP REQUEST GET https://serviceusage.googleapis.com/v1/projects/niortweb/services/runtimeconfig.googleapis.com  
 
[debug] [2021-05-03T11:36:58.079Z] >>> HTTP REQUEST GET https://serviceusage.googleapis.com/v1/projects/niortweb/services/cloudbuild.googleapis.com  
 
[debug] [2021-05-03T11:36:59.068Z] <<< HTTP RESPONSE 200 {"content-type":"application/json; charset=UTF-8","vary":"X-Origin, Referer, Origin,Accept-Encoding","date":"Mon, 03 May 2021 11:36:58 GMT","server":"ESF","cache-control":"private","x-xss-protection":"0","x-frame-options":"SAMEORIGIN","x-content-type-options":"nosniff","alt-svc":"h3-29=\":443\"; ma=2592000,h3-T051=\":443\"; ma=2592000,h3-Q050=\":443\"; ma=2592000,h3-Q046=\":443\"; ma=2592000,h3-Q043=\":443\"; ma=2592000,quic=\":443\"; ma=2592000; v=\"46,43\"","accept-ranges":"none","transfer-encoding":"chunked"}
[debug] [2021-05-03T11:36:59.083Z] <<< HTTP RESPONSE 200 {"content-type":"application/json; charset=UTF-8","vary":"X-Origin, Referer, Origin,Accept-Encoding","date":"Mon, 03 May 2021 11:36:58 GMT","server":"ESF","cache-control":"private","x-xss-protection":"0","x-frame-options":"SAMEORIGIN","x-content-type-options":"nosniff","alt-svc":"h3-29=\":443\"; ma=2592000,h3-T051=\":443\"; ma=2592000,h3-Q050=\":443\"; ma=2592000,h3-Q046=\":443\"; ma=2592000,h3-Q043=\":443\"; ma=2592000,quic=\":443\"; ma=2592000; v=\"46,43\"","accept-ranges":"none","transfer-encoding":"chunked"}
[info] ✔  functions: required API cloudbuild.googleapis.com is enabled 
[debug] [2021-05-03T11:36:59.108Z] <<< HTTP RESPONSE 200 {"content-type":"application/json; charset=UTF-8","vary":"X-Origin, Referer, Origin,Accept-Encoding","date":"Mon, 03 May 2021 11:36:58 GMT","server":"ESF","cache-control":"private","x-xss-protection":"0","x-frame-options":"SAMEORIGIN","x-content-type-options":"nosniff","alt-svc":"h3-29=\":443\"; ma=2592000,h3-T051=\":443\"; ma=2592000,h3-Q050=\":443\"; ma=2592000,h3-Q046=\":443\"; ma=2592000,h3-Q043=\":443\"; ma=2592000,quic=\":443\"; ma=2592000; v=\"46,43\"","accept-ranges":"none","transfer-encoding":"chunked"}
[info] ✔  functions: required API cloudfunctions.googleapis.com is enabled 
[debug] [2021-05-03T11:36:59.110Z] >>> HTTP REQUEST GET https://firebase.googleapis.com/v1beta1/projects/niortweb/adminSdkConfig  
 
[debug] [2021-05-03T11:36:59.583Z] <<< HTTP RESPONSE 200 {"content-type":"application/json; charset=UTF-8","vary":"X-Origin, Referer, Origin,Accept-Encoding","date":"Mon, 03 May 2021 11:36:59 GMT","server":"ESF","cache-control":"private","x-xss-protection":"0","x-frame-options":"SAMEORIGIN","x-content-type-options":"nosniff","alt-svc":"h3-29=\":443\"; ma=2592000,h3-T051=\":443\"; ma=2592000,h3-Q050=\":443\"; ma=2592000,h3-Q046=\":443\"; ma=2592000,h3-Q043=\":443\"; ma=2592000,quic=\":443\"; ma=2592000; v=\"46,43\"","accept-ranges":"none","transfer-encoding":"chunked"}
[info] i  functions: preparing functions directory for uploading... 
[debug] [2021-05-03T11:36:59.587Z] >>> HTTP REQUEST GET https://runtimeconfig.googleapis.com/v1beta1/projects/niortweb/configs  
 
[debug] [2021-05-03T11:36:59.999Z] <<< HTTP RESPONSE 200 {"content-type":"application/json; charset=UTF-8","vary":"X-Origin, Referer, Origin,Accept-Encoding","date":"Mon, 03 May 2021 11:36:59 GMT","server":"ESF","cache-control":"private","x-xss-protection":"0","x-frame-options":"SAMEORIGIN","x-content-type-options":"nosniff","alt-svc":"h3-29=\":443\"; ma=2592000,h3-T051=\":443\"; ma=2592000,h3-Q050=\":443\"; ma=2592000,h3-Q046=\":443\"; ma=2592000,h3-Q043=\":443\"; ma=2592000,quic=\":443\"; ma=2592000; v=\"46,43\"","accept-ranges":"none","transfer-encoding":"chunked"}
[debug] [2021-05-03T11:37:00.001Z] >>> HTTP REQUEST GET https://runtimeconfig.googleapis.com/v1beta1/projects/niortweb/configs/admin/variables  
 
[debug] [2021-05-03T11:37:00.001Z] >>> HTTP REQUEST GET https://runtimeconfig.googleapis.com/v1beta1/projects/niortweb/configs/elasticemail/variables  
 
[debug] [2021-05-03T11:37:00.002Z] >>> HTTP REQUEST GET https://runtimeconfig.googleapis.com/v1beta1/projects/niortweb/configs/scheduler/variables  
 
[debug] [2021-05-03T11:37:00.299Z] <<< HTTP RESPONSE 200 {"content-type":"application/json; charset=UTF-8","vary":"X-Origin, Referer, Origin,Accept-Encoding","date":"Mon, 03 May 2021 11:37:00 GMT","server":"ESF","cache-control":"private","x-xss-protection":"0","x-frame-options":"SAMEORIGIN","x-content-type-options":"nosniff","alt-svc":"h3-29=\":443\"; ma=2592000,h3-T051=\":443\"; ma=2592000,h3-Q050=\":443\"; ma=2592000,h3-Q046=\":443\"; ma=2592000,h3-Q043=\":443\"; ma=2592000,quic=\":443\"; ma=2592000; v=\"46,43\"","accept-ranges":"none","transfer-encoding":"chunked"}
[debug] [2021-05-03T11:37:00.301Z] >>> HTTP REQUEST GET https://runtimeconfig.googleapis.com/v1beta1/projects/niortweb/configs/elasticemail/variables/apikey  
 
[debug] [2021-05-03T11:37:00.302Z] >>> HTTP REQUEST GET https://runtimeconfig.googleapis.com/v1beta1/projects/niortweb/configs/elasticemail/variables/url  
 
[debug] [2021-05-03T11:37:00.335Z] <<< HTTP RESPONSE 200 {"content-type":"application/json; charset=UTF-8","vary":"X-Origin, Referer, Origin,Accept-Encoding","date":"Mon, 03 May 2021 11:37:00 GMT","server":"ESF","cache-control":"private","x-xss-protection":"0","x-frame-options":"SAMEORIGIN","x-content-type-options":"nosniff","alt-svc":"h3-29=\":443\"; ma=2592000,h3-T051=\":443\"; ma=2592000,h3-Q050=\":443\"; ma=2592000,h3-Q046=\":443\"; ma=2592000,h3-Q043=\":443\"; ma=2592000,quic=\":443\"; ma=2592000; v=\"46,43\"","accept-ranges":"none","transfer-encoding":"chunked"}
[debug] [2021-05-03T11:37:00.336Z] >>> HTTP REQUEST GET https://runtimeconfig.googleapis.com/v1beta1/projects/niortweb/configs/scheduler/variables/apikey  
 
[debug] [2021-05-03T11:37:00.444Z] <<< HTTP RESPONSE 200 {"content-type":"application/json; charset=UTF-8","vary":"X-Origin, Referer, Origin,Accept-Encoding","date":"Mon, 03 May 2021 11:37:00 GMT","server":"ESF","cache-control":"private","x-xss-protection":"0","x-frame-options":"SAMEORIGIN","x-content-type-options":"nosniff","alt-svc":"h3-29=\":443\"; ma=2592000,h3-T051=\":443\"; ma=2592000,h3-Q050=\":443\"; ma=2592000,h3-Q046=\":443\"; ma=2592000,h3-Q043=\":443\"; ma=2592000,quic=\":443\"; ma=2592000; v=\"46,43\"","accept-ranges":"none","transfer-encoding":"chunked"}
[debug] [2021-05-03T11:37:00.445Z] >>> HTTP REQUEST GET https://runtimeconfig.googleapis.com/v1beta1/projects/niortweb/configs/admin/variables/key  
 
[debug] [2021-05-03T11:37:00.534Z] <<< HTTP RESPONSE 200 {"content-type":"application/json; charset=UTF-8","vary":"X-Origin, Referer, Origin,Accept-Encoding","date":"Mon, 03 May 2021 11:37:00 GMT","server":"ESF","cache-control":"private","x-xss-protection":"0","x-frame-options":"SAMEORIGIN","x-content-type-options":"nosniff","alt-svc":"h3-29=\":443\"; ma=2592000,h3-T051=\":443\"; ma=2592000,h3-Q050=\":443\"; ma=2592000,h3-Q046=\":443\"; ma=2592000,h3-Q043=\":443\"; ma=2592000,quic=\":443\"; ma=2592000; v=\"46,43\"","accept-ranges":"none","transfer-encoding":"chunked"}
[debug] [2021-05-03T11:37:00.614Z] <<< HTTP RESPONSE 200 {"content-type":"application/json; charset=UTF-8","vary":"X-Origin, Referer, Origin,Accept-Encoding","date":"Mon, 03 May 2021 11:37:00 GMT","server":"ESF","cache-control":"private","x-xss-protection":"0","x-frame-options":"SAMEORIGIN","x-content-type-options":"nosniff","alt-svc":"h3-29=\":443\"; ma=2592000,h3-T051=\":443\"; ma=2592000,h3-Q050=\":443\"; ma=2592000,h3-Q046=\":443\"; ma=2592000,h3-Q043=\":443\"; ma=2592000,quic=\":443\"; ma=2592000; v=\"46,43\"","accept-ranges":"none","transfer-encoding":"chunked"}
[debug] [2021-05-03T11:37:00.684Z] <<< HTTP RESPONSE 200 {"content-type":"application/json; charset=UTF-8","vary":"X-Origin, Referer, Origin,Accept-Encoding","date":"Mon, 03 May 2021 11:37:00 GMT","server":"ESF","cache-control":"private","x-xss-protection":"0","x-frame-options":"SAMEORIGIN","x-content-type-options":"nosniff","alt-svc":"h3-29=\":443\"; ma=2592000,h3-T051=\":443\"; ma=2592000,h3-Q050=\":443\"; ma=2592000,h3-Q046=\":443\"; ma=2592000,h3-Q043=\":443\"; ma=2592000,quic=\":443\"; ma=2592000; v=\"46,43\"","accept-ranges":"none","transfer-encoding":"chunked"}
[debug] [2021-05-03T11:37:00.755Z] <<< HTTP RESPONSE 200 {"content-type":"application/json; charset=UTF-8","vary":"X-Origin, Referer, Origin,Accept-Encoding","date":"Mon, 03 May 2021 11:37:00 GMT","server":"ESF","cache-control":"private","x-xss-protection":"0","x-frame-options":"SAMEORIGIN","x-content-type-options":"nosniff","alt-svc":"h3-29=\":443\"; ma=2592000,h3-T051=\":443\"; ma=2592000,h3-Q050=\":443\"; ma=2592000,h3-Q046=\":443\"; ma=2592000,h3-Q043=\":443\"; ma=2592000,quic=\":443\"; ma=2592000; v=\"46,43\"","accept-ranges":"none","transfer-encoding":"chunked"}
[info] i  functions: packaged functions (200.6 KB) for uploading 
[debug] [2021-05-03T11:37:01.545Z] >>> HTTP REQUEST GET https://cloudfunctions.googleapis.com/v1/projects/niortweb/locations/-/functions  
 
[debug] [2021-05-03T11:37:02.260Z] <<< HTTP RESPONSE 200 {"content-type":"application/json; charset=UTF-8","vary":"X-Origin, Referer, Origin,Accept-Encoding","date":"Mon, 03 May 2021 11:37:02 GMT","server":"ESF","cache-control":"private","x-xss-protection":"0","x-frame-options":"SAMEORIGIN","x-content-type-options":"nosniff","alt-svc":"h3-29=\":443\"; ma=2592000,h3-T051=\":443\"; ma=2592000,h3-Q050=\":443\"; ma=2592000,h3-Q046=\":443\"; ma=2592000,h3-Q043=\":443\"; ma=2592000,quic=\":443\"; ma=2592000; v=\"46,43\"","accept-ranges":"none","transfer-encoding":"chunked"}
[debug] [2021-05-03T11:37:02.269Z] >>> HTTP REQUEST POST https://cloudfunctions.googleapis.com/v1/projects/niortweb/locations/us-central1/functions:generateUploadUrl  
 
[debug] [2021-05-03T11:37:03.064Z] <<< HTTP RESPONSE 200 {"content-type":"application/json; charset=UTF-8","vary":"X-Origin, Referer, Origin,Accept-Encoding","date":"Mon, 03 May 2021 11:37:02 GMT","server":"ESF","cache-control":"private","x-xss-protection":"0","x-frame-options":"SAMEORIGIN","x-content-type-options":"nosniff","alt-svc":"h3-29=\":443\"; ma=2592000,h3-T051=\":443\"; ma=2592000,h3-Q050=\":443\"; ma=2592000,h3-Q046=\":443\"; ma=2592000,h3-Q043=\":443\"; ma=2592000,quic=\":443\"; ma=2592000; v=\"46,43\"","accept-ranges":"none","transfer-encoding":"chunked"}
[debug] [2021-05-03T11:37:03.066Z] >>> HTTP REQUEST PUT https://storage.googleapis.com/gcf-upload-us-central1-4d2f3bbe-4866-467c-aa42-3039920ca55e/539f95d7-220e-4e25-877f-286b60873443.zip?GoogleAccessId=service-342355226765@gcf-admin-robot.iam.gserviceaccount.com&Expires=1620043622&Signature=TQFoAXT1Fj7b9PvQbJ9vVNMK6oJ8qFhwtZdiFzJUTsxLy4ur1OMJeU0mhBAHmh28Lje1mBAJcXiV56J%2BgOVNLDd%2BXFBWvbFHYjWaZJtFaq3XU6LVCOtn9LnmKpR5aFNiQ5c73vEVfBAs2K9HI6aRplpS%2BMCOhZyn8yN36oSIhrhlIMjSyml4iFuH%2BhOuafgbTqSqig4RAkKUzUVAXqwlZQP%2FLoSk9GKgVEQeI7crrkckueq7HJlABnBQQffQ35S%2FHVGiU%2Fctr30mCHYYu9oyplU7gO7E6i5RmOfqN3KWDQupsx5cqKde9%2BhlG3iPt8m36HJzvGJhAvBf0I7ATgkiEg%3D%3D  
 <request body omitted>
[debug] [2021-05-03T11:37:03.766Z] <<< HTTP RESPONSE 200 {"x-guploader-uploadid":"ABg5-Uwe4vwIRl8jElJvxgWUDfMp4Oj2hKi7hUnbwKkGsQ3bT1fIhwA0mxG-yDET5qZYds-nEYLCg8h7L6uDBUMqXGg","etag":"\"5ed60e39b83e3b0bf5771d8a4fdac152\"","x-goog-generation":"1620041823633689","x-goog-metageneration":"1","x-goog-hash":"crc32c=aZpBcw==, md5=XtYOObg+Owv1dx2KT9rBUg==","x-goog-stored-content-length":"205410","x-goog-stored-content-encoding":"identity","vary":"Origin","content-length":"0","date":"Mon, 03 May 2021 11:37:03 GMT","server":"UploadServer","content-type":"text/html; charset=UTF-8","alt-svc":"h3-29=\":443\"; ma=2592000,h3-T051=\":443\"; ma=2592000,h3-Q050=\":443\"; ma=2592000,h3-Q046=\":443\"; ma=2592000,h3-Q043=\":443\"; ma=2592000,quic=\":443\"; ma=2592000; v=\"46,43\""}
[info] ✔  functions: functions folder uploaded successfully 
[info] i  functions: updating Node.js 12 function api(us-central1)... 
[debug] [2021-05-03T11:37:03.774Z] Trigger is:  {"httpsTrigger":{}}
[debug] [2021-05-03T11:37:03.777Z] >>> HTTP REQUEST PATCH https://cloudfunctions.googleapis.com/v1/projects/niortweb/locations/us-central1/functions/api {"updateMask":"sourceUploadUrl,name,labels,runtime,environmentVariables,httpsTrigger"} 
 {"sourceUploadUrl":"https://storage.googleapis.com/gcf-upload-us-central1-4d2f3bbe-4866-467c-aa42-3039920ca55e/539f95d7-220e-4e25-877f-286b60873443.zip?GoogleAccessId=service-342355226765@gcf-admin-robot.iam.gserviceaccount.com&Expires=1620043622&Signature=TQFoAXT1Fj7b9PvQbJ9vVNMK6oJ8qFhwtZdiFzJUTsxLy4ur1OMJeU0mhBAHmh28Lje1mBAJcXiV56J%2BgOVNLDd%2BXFBWvbFHYjWaZJtFaq3XU6LVCOtn9LnmKpR5aFNiQ5c73vEVfBAs2K9HI6aRplpS%2BMCOhZyn8yN36oSIhrhlIMjSyml4iFuH%2BhOuafgbTqSqig4RAkKUzUVAXqwlZQP%2FLoSk9GKgVEQeI7crrkckueq7HJlABnBQQffQ35S%2FHVGiU%2Fctr30mCHYYu9oyplU7gO7E6i5RmOfqN3KWDQupsx5cqKde9%2BhlG3iPt8m36HJzvGJhAvBf0I7ATgkiEg%3D%3D","name":"projects/niortweb/locations/us-central1/functions/api","labels":{"deployment-tool":"cli-firebase"},"httpsTrigger":{},"runtime":"nodejs12","environmentVariables":{"FIREBASE_CONFIG":"{\"projectId\":\"niortweb\",\"databaseURL\":\"https://niortweb.firebaseio.com\",\"storageBucket\":\"niortweb.appspot.com\",\"locationId\":\"europe-west\"}"}}
[debug] [2021-05-03T11:37:04.403Z] <<< HTTP RESPONSE 200 {"content-type":"application/json; charset=UTF-8","vary":"X-Origin, Referer, Origin,Accept-Encoding","date":"Mon, 03 May 2021 11:37:04 GMT","server":"ESF","cache-control":"private","x-xss-protection":"0","x-frame-options":"SAMEORIGIN","x-content-type-options":"nosniff","alt-svc":"h3-29=\":443\"; ma=2592000,h3-T051=\":443\"; ma=2592000,h3-Q050=\":443\"; ma=2592000,h3-Q046=\":443\"; ma=2592000,h3-Q043=\":443\"; ma=2592000,quic=\":443\"; ma=2592000; v=\"46,43\"","accept-ranges":"none","transfer-encoding":"chunked"}
[debug] [2021-05-03T11:37:04.408Z] >>> HTTP REQUEST GET https://cloudfunctions.googleapis.com/v1/projects/niortweb/locations/-/functions  
 
[debug] [2021-05-03T11:37:05.023Z] <<< HTTP RESPONSE 200 {"content-type":"application/json; charset=UTF-8","vary":"X-Origin, Referer, Origin,Accept-Encoding","date":"Mon, 03 May 2021 11:37:04 GMT","server":"ESF","cache-control":"private","x-xss-protection":"0","x-frame-options":"SAMEORIGIN","x-content-type-options":"nosniff","alt-svc":"h3-29=\":443\"; ma=2592000,h3-T051=\":443\"; ma=2592000,h3-Q050=\":443\"; ma=2592000,h3-Q046=\":443\"; ma=2592000,h3-Q043=\":443\"; ma=2592000,quic=\":443\"; ma=2592000; v=\"46,43\"","accept-ranges":"none","transfer-encoding":"chunked"}
[debug] [2021-05-03T11:37:05.026Z] >>> HTTP REQUEST GET https://cloudfunctions.googleapis.com/v1/operations/bmlvcnR3ZWIvdXMtY2VudHJhbDEvYXBpLzMyOXRCLUpFY3Jj  
 
[debug] [2021-05-03T11:37:05.255Z] <<< HTTP RESPONSE 200 {"content-type":"application/json; charset=UTF-8","vary":"X-Origin, Referer, Origin,Accept-Encoding","date":"Mon, 03 May 2021 11:37:05 GMT","server":"ESF","cache-control":"private","x-xss-protection":"0","x-frame-options":"SAMEORIGIN","x-content-type-options":"nosniff","alt-svc":"h3-29=\":443\"; ma=2592000,h3-T051=\":443\"; ma=2592000,h3-Q050=\":443\"; ma=2592000,h3-Q046=\":443\"; ma=2592000,h3-Q043=\":443\"; ma=2592000,quic=\":443\"; ma=2592000; v=\"46,43\"","accept-ranges":"none","transfer-encoding":"chunked"}
[debug] [2021-05-03T11:37:07.261Z] >>> HTTP REQUEST GET https://cloudfunctions.googleapis.com/v1/operations/bmlvcnR3ZWIvdXMtY2VudHJhbDEvYXBpLzMyOXRCLUpFY3Jj  
 
[debug] [2021-05-03T11:37:07.552Z] <<< HTTP RESPONSE 200 {"content-type":"application/json; charset=UTF-8","vary":"X-Origin, Referer, Origin,Accept-Encoding","date":"Mon, 03 May 2021 11:37:07 GMT","server":"ESF","cache-control":"private","x-xss-protection":"0","x-frame-options":"SAMEORIGIN","x-content-type-options":"nosniff","alt-svc":"h3-29=\":443\"; ma=2592000,h3-T051=\":443\"; ma=2592000,h3-Q050=\":443\"; ma=2592000,h3-Q046=\":443\"; ma=2592000,h3-Q043=\":443\"; ma=2592000,quic=\":443\"; ma=2592000; v=\"46,43\"","accept-ranges":"none","transfer-encoding":"chunked"}
[debug] [2021-05-03T11:37:09.554Z] >>> HTTP REQUEST GET https://cloudfunctions.googleapis.com/v1/operations/bmlvcnR3ZWIvdXMtY2VudHJhbDEvYXBpLzMyOXRCLUpFY3Jj  
 
[debug] [2021-05-03T11:37:09.915Z] <<< HTTP RESPONSE 200 {"content-type":"application/json; charset=UTF-8","vary":"X-Origin, Referer, Origin,Accept-Encoding","date":"Mon, 03 May 2021 11:37:09 GMT","server":"ESF","cache-control":"private","x-xss-protection":"0","x-frame-options":"SAMEORIGIN","x-content-type-options":"nosniff","alt-svc":"h3-29=\":443\"; ma=2592000,h3-T051=\":443\"; ma=2592000,h3-Q050=\":443\"; ma=2592000,h3-Q046=\":443\"; ma=2592000,h3-Q043=\":443\"; ma=2592000,quic=\":443\"; ma=2592000; v=\"46,43\"","accept-ranges":"none","transfer-encoding":"chunked"}
[debug] [2021-05-03T11:37:11.918Z] >>> HTTP REQUEST GET https://cloudfunctions.googleapis.com/v1/operations/bmlvcnR3ZWIvdXMtY2VudHJhbDEvYXBpLzMyOXRCLUpFY3Jj  
 
[debug] [2021-05-03T11:37:12.292Z] <<< HTTP RESPONSE 200 {"content-type":"application/json; charset=UTF-8","vary":"X-Origin, Referer, Origin,Accept-Encoding","date":"Mon, 03 May 2021 11:37:12 GMT","server":"ESF","cache-control":"private","x-xss-protection":"0","x-frame-options":"SAMEORIGIN","x-content-type-options":"nosniff","alt-svc":"h3-29=\":443\"; ma=2592000,h3-T051=\":443\"; ma=2592000,h3-Q050=\":443\"; ma=2592000,h3-Q046=\":443\"; ma=2592000,h3-Q043=\":443\"; ma=2592000,quic=\":443\"; ma=2592000; v=\"46,43\"","accept-ranges":"none","transfer-encoding":"chunked"}
[debug] [2021-05-03T11:37:14.295Z] >>> HTTP REQUEST GET https://cloudfunctions.googleapis.com/v1/operations/bmlvcnR3ZWIvdXMtY2VudHJhbDEvYXBpLzMyOXRCLUpFY3Jj  
 
[debug] [2021-05-03T11:37:14.644Z] <<< HTTP RESPONSE 200 {"content-type":"application/json; charset=UTF-8","vary":"X-Origin, Referer, Origin,Accept-Encoding","date":"Mon, 03 May 2021 11:37:14 GMT","server":"ESF","cache-control":"private","x-xss-protection":"0","x-frame-options":"SAMEORIGIN","x-content-type-options":"nosniff","alt-svc":"h3-29=\":443\"; ma=2592000,h3-T051=\":443\"; ma=2592000,h3-Q050=\":443\"; ma=2592000,h3-Q046=\":443\"; ma=2592000,h3-Q043=\":443\"; ma=2592000,quic=\":443\"; ma=2592000; v=\"46,43\"","accept-ranges":"none","transfer-encoding":"chunked"}
