[debug] [2020-06-11T17:23:54.766Z] ----------------------------------------------------------------------
[debug] [2020-06-11T17:23:54.768Z] Command:       /home/florent/Applications/node-v10.15.1-linux-x64/bin/node /home/florent/VisualStudioCode/niortweb-blog/node_modules/.bin/firebase deploy
[debug] [2020-06-11T17:23:54.769Z] CLI Version:   7.8.1
[debug] [2020-06-11T17:23:54.769Z] Platform:      linux
[debug] [2020-06-11T17:23:54.769Z] Node Version:  v10.15.1
[debug] [2020-06-11T17:23:54.769Z] Time:          Thu Jun 11 2020 19:23:54 GMT+0200 (GMT+02:00)
[debug] [2020-06-11T17:23:54.769Z] ----------------------------------------------------------------------
[debug] [2020-06-11T17:23:54.769Z] 
[debug] [2020-06-11T17:23:54.780Z] > command requires scopes: ["email","openid","https://www.googleapis.com/auth/cloudplatformprojects.readonly","https://www.googleapis.com/auth/firebase","https://www.googleapis.com/auth/cloud-platform"]
[debug] [2020-06-11T17:23:54.780Z] > authorizing via signed-in user
[debug] [2020-06-11T17:23:54.781Z] [iam] checking project niortweb for permissions ["firebase.projects.get","firebasehosting.sites.update"]
[debug] [2020-06-11T17:23:54.782Z] > refreshing access token with scopes: ["email","https://www.googleapis.com/auth/cloud-platform","https://www.googleapis.com/auth/cloudplatformprojects.readonly","https://www.googleapis.com/auth/firebase","openid"]
[debug] [2020-06-11T17:23:54.783Z] >>> HTTP REQUEST POST https://www.googleapis.com/oauth2/v3/token  
 <request body omitted>
[debug] [2020-06-11T17:23:54.946Z] <<< HTTP RESPONSE 200
[debug] [2020-06-11T17:23:54.985Z] >>> HTTP REQUEST POST https://cloudresourcemanager.googleapis.com/v1/projects/niortweb:testIamPermissions  

[debug] [2020-06-11T17:23:55.803Z] <<< HTTP RESPONSE 200
[debug] [2020-06-11T17:23:55.806Z] >>> HTTP REQUEST GET https://firebase.googleapis.com/v1beta1/projects/niortweb  
 
[debug] [2020-06-11T17:23:56.214Z] <<< HTTP RESPONSE 200
[info] 
[info] === Deploying to 'niortweb'...
[info] 
[info] i  deploying hosting
[debug] [2020-06-11T17:23:56.222Z] >>> HTTP REQUEST POST https://firebasehosting.googleapis.com/v1beta1/sites/niortweb/versions  

[debug] [2020-06-11T17:23:57.648Z] <<< HTTP RESPONSE 200
[info] i  hosting[niortweb]: beginning deploy...
[info] i  hosting[niortweb]: found 89 files in public
[debug] [2020-06-11T17:23:57.848Z] [hosting] hash cache [cHVibGlj] stored for 89 files
[debug] [2020-06-11T17:23:57.848Z] [hosting][hash queue][FINAL]
[debug] [2020-06-11T17:23:57.848Z] >>> HTTP REQUEST POST https://firebasehosting.googleapis.com/v1beta1/sites/niortweb/versions/20c0c191258ccf2e:populateFiles  
 <request body omitted>
[debug] [2020-06-11T17:23:58.979Z] <<< HTTP RESPONSE 200
[debug] [2020-06-11T17:23:58.999Z] [hosting][populate queue][FINAL]
[debug] [2020-06-11T17:23:58.999Z] [hosting] uploads queued: 22
[debug] [2020-06-11T17:24:01.700Z] [hosting][upload queue][FINAL]
[info] ✔  hosting[niortweb]: file upload complete
[debug] [2020-06-11T17:24:01.701Z] [hosting] deploy completed after 4051ms
[debug] [2020-06-11T17:24:01.805Z] [
  {
    "config": {
      "public": "public",
      "ignore": [
        "firebase.json",
        "**/.*",
        "**/node_modules/**"
      ],
      "site": "niortweb"
    },
    "site": "niortweb",
    "version": "sites/niortweb/versions/20c0c191258ccf2e"
  }
]
[info] i  hosting[niortweb]: finalizing version...
[debug] [2020-06-11T17:24:01.806Z] >>> HTTP REQUEST PATCH https://firebasehosting.googleapis.com/v1beta1/sites/niortweb/versions/20c0c191258ccf2e?updateMask=status  

